example/build/app/intermediates/manifest_merge_blame_file/debug/manifest-merger-blame-debug-report.txt
1<?xml version="1.0" encoding="utf-8"?>
2<manifest xmlns:android="http://schemas.android.com/apk/res/android"
3    package="com.alternadom.wifiiotexample"
4    android:versionCode="1"
5    android:versionName="1.0" >
6
7    <uses-sdk
8        android:minSdkVersion="21"
8-->src/main/AndroidManifest.xml
9        android:targetSdkVersion="28" />
9-->src/main/AndroidManifest.xml
10
11    <!--
12         The INTERNET permission is required for development. Specifically,
13         flutter needs it to communicate with the running application
14         to allow setting breakpoints, to provide hot reload, etc.
15    -->
16    <uses-permission android:name="android.permission.ACCESS_WIFI_STATE" />
16-->src/main/AndroidManifest.xml:8:5-76
16-->src/main/AndroidManifest.xml:8:22-73
17    <uses-permission android:name="android.permission.CHANGE_WIFI_STATE" />
17-->src/main/AndroidManifest.xml:9:5-76
17-->src/main/AndroidManifest.xml:9:22-73
18    <uses-permission android:name="android.permission.CHANGE_NETWORK_STATE" />
18-->src/main/AndroidManifest.xml:10:5-79
18-->src/main/AndroidManifest.xml:10:22-76
19    <uses-permission android:name="android.permission.ACCESS_COARSE_LOCATION" />
19-->src/main/AndroidManifest.xml:11:5-81
19-->src/main/AndroidManifest.xml:11:22-78
20    <uses-permission android:name="android.permission.ACCESS_FINE_LOCATION" />
20-->src/main/AndroidManifest.xml:12:5-79
20-->src/main/AndroidManifest.xml:12:22-76
21
22    <uses-feature android:name="android.hardware.wifi" />
22-->[:wifi_iot] AndroidManifest.xml:7:5-58
22-->[:wifi_iot] AndroidManifest.xml:7:19-55
23
24    <uses-permission android:name="android.permission.INTERNET" />
24-->[:wifi_iot] AndroidManifest.xml:9:5-67
24-->[:wifi_iot] AndroidManifest.xml:9:22-64
25    <uses-permission android:name="android.permission.ACCESS_NETWORK_STATE" />
25-->[:wifi_iot] AndroidManifest.xml:11:5-79
25-->[:wifi_iot] AndroidManifest.xml:11:22-76
26    <uses-permission android:name="android.permission.WRITE_SETTINGS" />
26-->[:wifi_iot] AndroidManifest.xml:17:5-73
26-->[:wifi_iot] AndroidManifest.xml:17:22-70
27
28    <application
29        android:name="android.app.Application"
29-->src/main/AndroidManifest.xml:15:9-42
30        android:appComponentFactory="androidx.core.app.CoreComponentFactory"
30-->[androidx.core:core:1.6.0] AndroidManifest.xml:24:18-86
31        android:debuggable="true"
32        android:icon="@mipmap/ic_launcher"
32-->src/main/AndroidManifest.xml:16:9-43
33        android:label="wifi_iot_example" >
33-->src/main/AndroidManifest.xml:17:9-41
34        <activity
34-->src/main/AndroidManifest.xml:18:9-40:20
35            android:name="com.alternadom.wifiiotexample.MainActivity"
35-->src/main/AndroidManifest.xml:19:13-41
36            android:configChanges="orientation|keyboardHidden|keyboard|screenSize|locale|layoutDirection|fontScale|screenLayout|density"
36-->src/main/AndroidManifest.xml:20:13-137
37            android:hardwareAccelerated="true"
37-->src/main/AndroidManifest.xml:21:13-47
38            android:launchMode="singleTop"
38-->src/main/AndroidManifest.xml:22:13-43
39            android:theme="@style/LaunchTheme"
39-->src/main/AndroidManifest.xml:23:13-47
40            android:windowSoftInputMode="adjustResize" >
40-->src/main/AndroidManifest.xml:24:13-55
41
42            <!-- Specify that the launch screen should continue being displayed -->
43            <!-- until Flutter renders its first frame. -->
44            <meta-data
44-->src/main/AndroidManifest.xml:27:13-29:66
45                android:name="io.flutter.embedding.android.SplashScreenDrawable"
45-->src/main/AndroidManifest.xml:28:17-81
46                android:resource="@drawable/launch_background" />
46-->src/main/AndroidManifest.xml:29:17-63
47
48            <!-- Theme to apply as soon as Flutter begins rendering frames -->
49            <meta-data
49-->src/main/AndroidManifest.xml:32:13-34:57
50                android:name="io.flutter.embedding.android.NormalTheme"
50-->src/main/AndroidManifest.xml:33:17-72
51                android:resource="@style/NormalTheme" />
51-->src/main/AndroidManifest.xml:34:17-54
52
53            <intent-filter>
53-->src/main/AndroidManifest.xml:36:13-39:29
54                <action android:name="android.intent.action.MAIN" />
54-->src/main/AndroidManifest.xml:37:17-69
54-->src/main/AndroidManifest.xml:37:25-66
55
56                <category android:name="android.intent.category.LAUNCHER" />
56-->src/main/AndroidManifest.xml:38:17-77
56-->src/main/AndroidManifest.xml:38:27-74
57            </intent-filter>
58        </activity>
59
60        <meta-data
60-->src/main/AndroidManifest.xml:42:9-44:33
61            android:name="flutterEmbedding"
61-->src/main/AndroidManifest.xml:43:13-44
62            android:value="2" />
62-->src/main/AndroidManifest.xml:44:13-30
63
64        <uses-library
64-->[androidx.window:window:1.0.0-beta04] AndroidManifest.xml:25:9-27:40
65            android:name="androidx.window.extensions"
65-->[androidx.window:window:1.0.0-beta04] AndroidManifest.xml:26:13-54
66            android:required="false" />
66-->[androidx.window:window:1.0.0-beta04] AndroidManifest.xml:27:13-37
67        <uses-library
67-->[androidx.window:window:1.0.0-beta04] AndroidManifest.xml:28:9-30:40
68            android:name="androidx.window.sidecar"
68-->[androidx.window:window:1.0.0-beta04] AndroidManifest.xml:29:13-51
69            android:required="false" />
69-->[androidx.window:window:1.0.0-beta04] AndroidManifest.xml:30:13-37
70    </application>
71
72</manifest>